<?xml version="1.0" encoding="UTF-8"?>
<coverage generated="1513827871660" clover="3.2.0">
  <project timestamp="1513827871660" name="All files">
    <metrics statements="93" coveredstatements="93" conditionals="33" coveredconditionals="33" methods="25" coveredmethods="25" elements="151" coveredelements="151" complexity="0" loc="93" ncloc="93" packages="5" files="5" classes="5">
      <package name="DataParser">
        <metrics statements="14" coveredstatements="14" conditionals="0" coveredconditionals="0" methods="2" coveredmethods="2"/>
        <file name="DataParser.js" path="/Users/martinsandstrom/Projects/mars-rovers/DataParser/DataParser.js">
          <metrics statements="14" coveredstatements="14" conditionals="0" coveredconditionals="0" methods="2" coveredmethods="2"/>
          <line num="4" count="1" type="stmt"/>
          <line num="5" count="1" type="stmt"/>
          <line num="6" count="1" type="stmt"/>
          <line num="7" count="1" type="stmt"/>
          <line num="8" count="1" type="stmt"/>
          <line num="9" count="1" type="stmt"/>
          <line num="16" count="2" type="stmt"/>
          <line num="17" count="2" type="stmt"/>
          <line num="18" count="4" type="stmt"/>
          <line num="19" count="4" type="stmt"/>
          <line num="20" count="4" type="stmt"/>
          <line num="26" count="4" type="stmt"/>
          <line num="28" count="2" type="stmt"/>
          <line num="32" count="1" type="stmt"/>
        </file>
      </package>
      <package name="Direction">
        <metrics statements="11" coveredstatements="11" conditionals="2" coveredconditionals="2" methods="6" coveredmethods="6"/>
        <file name="Direction.js" path="/Users/martinsandstrom/Projects/mars-rovers/Direction/Direction.js">
          <metrics statements="11" coveredstatements="11" conditionals="2" coveredconditionals="2" methods="6" coveredmethods="6"/>
          <line num="3" count="36" type="stmt"/>
          <line num="7" count="41" type="cond" truecount="2" falsecount="0"/>
          <line num="11" count="40" type="stmt"/>
          <line num="15" count="32" type="stmt"/>
          <line num="19" count="22" type="stmt"/>
          <line num="20" count="22" type="stmt"/>
          <line num="21" count="22" type="stmt"/>
          <line num="24" count="16" type="stmt"/>
          <line num="25" count="16" type="stmt"/>
          <line num="26" count="16" type="stmt"/>
          <line num="30" count="3" type="stmt"/>
        </file>
      </package>
      <package name="Grid">
        <metrics statements="6" coveredstatements="6" conditionals="4" coveredconditionals="4" methods="2" coveredmethods="2"/>
        <file name="Grid.js" path="/Users/martinsandstrom/Projects/mars-rovers/Grid/Grid.js">
          <metrics statements="6" coveredstatements="6" conditionals="4" coveredconditionals="4" methods="2" coveredmethods="2"/>
          <line num="3" count="30" type="stmt"/>
          <line num="4" count="30" type="stmt"/>
          <line num="5" count="30" type="stmt"/>
          <line num="6" count="30" type="stmt"/>
          <line num="9" count="82" type="cond" truecount="4" falsecount="0"/>
          <line num="13" count="3" type="stmt"/>
        </file>
      </package>
      <package name="MarsRover">
        <metrics statements="47" coveredstatements="47" conditionals="24" coveredconditionals="24" methods="11" coveredmethods="11"/>
        <file name="MarsRover.js" path="/Users/martinsandstrom/Projects/mars-rovers/MarsRover/MarsRover.js">
          <metrics statements="47" coveredstatements="47" conditionals="24" coveredconditionals="24" methods="11" coveredmethods="11"/>
          <line num="1" count="2" type="stmt"/>
          <line num="2" count="2" type="stmt"/>
          <line num="6" count="26" type="stmt"/>
          <line num="7" count="26" type="stmt"/>
          <line num="8" count="26" type="stmt"/>
          <line num="12" count="28" type="cond" truecount="2" falsecount="0"/>
          <line num="13" count="27" type="stmt"/>
          <line num="15" count="1" type="stmt"/>
          <line num="17" count="27" type="cond" truecount="2" falsecount="0"/>
          <line num="18" count="2" type="stmt"/>
          <line num="20" count="25" type="stmt"/>
          <line num="21" count="25" type="stmt"/>
          <line num="22" count="25" type="stmt"/>
          <line num="26" count="4" type="stmt"/>
          <line num="30" count="26" type="cond" truecount="2" falsecount="0"/>
          <line num="31" count="1" type="stmt"/>
          <line num="33" count="25" type="stmt"/>
          <line num="37" count="28" type="cond" truecount="2" falsecount="0"/>
          <line num="38" count="1" type="stmt"/>
          <line num="40" count="27" type="cond" truecount="4" falsecount="0"/>
          <line num="42" count="13" type="stmt"/>
          <line num="43" count="13" type="stmt"/>
          <line num="45" count="4" type="stmt"/>
          <line num="46" count="4" type="stmt"/>
          <line num="48" count="3" type="stmt"/>
          <line num="49" count="3" type="stmt"/>
          <line num="51" count="7" type="stmt"/>
          <line num="52" count="7" type="stmt"/>
          <line num="57" count="19" type="stmt"/>
          <line num="58" count="19" type="cond" truecount="2" falsecount="0"/>
          <line num="59" count="14" type="stmt"/>
          <line num="64" count="10" type="stmt"/>
          <line num="65" count="10" type="cond" truecount="2" falsecount="0"/>
          <line num="66" count="5" type="stmt"/>
          <line num="71" count="9" type="stmt"/>
          <line num="72" count="9" type="cond" truecount="2" falsecount="0"/>
          <line num="73" count="4" type="stmt"/>
          <line num="78" count="14" type="stmt"/>
          <line num="79" count="14" type="cond" truecount="2" falsecount="0"/>
          <line num="80" count="12" type="stmt"/>
          <line num="85" count="13" type="cond" truecount="2" falsecount="0"/>
          <line num="86" count="1" type="stmt"/>
          <line num="88" count="12" type="stmt"/>
          <line num="92" count="19" type="cond" truecount="2" falsecount="0"/>
          <line num="93" count="1" type="stmt"/>
          <line num="95" count="18" type="stmt"/>
          <line num="99" count="2" type="stmt"/>
        </file>
      </package>
      <package name="NASARoverPlacer">
        <metrics statements="15" coveredstatements="15" conditionals="3" coveredconditionals="3" methods="4" coveredmethods="4"/>
        <file name="NASARoverPlacer.js" path="/Users/martinsandstrom/Projects/mars-rovers/NASARoverPlacer/NASARoverPlacer.js">
          <metrics statements="15" coveredstatements="15" conditionals="3" coveredconditionals="3" methods="4" coveredmethods="4"/>
          <line num="1" count="1" type="stmt"/>
          <line num="5" count="1" type="stmt"/>
          <line num="6" count="2" type="stmt"/>
          <line num="7" count="2" type="stmt"/>
          <line num="8" count="2" type="stmt"/>
          <line num="9" count="2" type="stmt"/>
          <line num="13" count="3" type="stmt"/>
          <line num="14" count="28" type="cond" truecount="3" falsecount="0"/>
          <line num="16" count="16" type="stmt"/>
          <line num="17" count="16" type="stmt"/>
          <line num="19" count="8" type="stmt"/>
          <line num="20" count="8" type="stmt"/>
          <line num="22" count="4" type="stmt"/>
          <line num="23" count="4" type="stmt"/>
          <line num="29" count="1" type="stmt"/>
        </file>
      </package>
    </metrics>
  </project>
</coverage>
