{"/Users/martinsandstrom/Projects/mars-rovers/DataParser/DataParser.js": {"path":"/Users/martinsandstrom/Projects/mars-rovers/DataParser/DataParser.js","statementMap":{"0":{"start":{"line":4,"column":21},"end":{"line":4,"column":54}},"1":{"start":{"line":5,"column":25},"end":{"line":5,"column":45}},"2":{"start":{"line":6,"column":13},"end":{"line":6,"column":53}},"3":{"start":{"line":7,"column":13},"end":{"line":7,"column":53}},"4":{"start":{"line":8,"column":15},"end":{"line":8,"column":43}},"5":{"start":{"line":9,"column":2},"end":{"line":13,"column":3}},"6":{"start":{"line":16,"column":15},"end":{"line":16,"column":17}},"7":{"start":{"line":17,"column":2},"end":{"line":27,"column":3}},"8":{"start":{"line":18,"column":24},"end":{"line":18,"column":50}},"9":{"start":{"line":19,"column":25},"end":{"line":19,"column":44}},"10":{"start":{"line":20,"column":18},"end":{"line":25,"column":4}},"11":{"start":{"line":26,"column":3},"end":{"line":26,"column":25}},"12":{"start":{"line":28,"column":2},"end":{"line":28,"column":16}},"13":{"start":{"line":32,"column":0},"end":{"line":32,"column":28}}},"fnMap":{"0":{"name":"(anonymous_0)","decl":{"start":{"line":2,"column":1},"end":{"line":2,"column":2}},"loc":{"start":{"line":2,"column":14},"end":{"line":14,"column":2}},"line":2},"1":{"name":"(anonymous_1)","decl":{"start":{"line":15,"column":1},"end":{"line":15,"column":2}},"loc":{"start":{"line":15,"column":25},"end":{"line":29,"column":2}},"line":15}},"branchMap":{},"s":{"0":1,"1":1,"2":1,"3":1,"4":1,"5":1,"6":2,"7":2,"8":4,"9":4,"10":4,"11":4,"12":2,"13":1},"f":{"0":1,"1":2},"b":{},"_coverageSchema":"332fd63041d2c1bcb487cc26dd0d5f7d97098a6c","hash":"f5dfc714bf9640e54465469e51cc7e4ed3e84924"}
,"/Users/martinsandstrom/Projects/mars-rovers/Direction/Direction.js": {"path":"/Users/martinsandstrom/Projects/mars-rovers/Direction/Direction.js","statementMap":{"0":{"start":{"line":3,"column":2},"end":{"line":3,"column":41}},"1":{"start":{"line":7,"column":2},"end":{"line":7,"column":103}},"2":{"start":{"line":11,"column":2},"end":{"line":11,"column":41}},"3":{"start":{"line":15,"column":2},"end":{"line":15,"column":13}},"4":{"start":{"line":19,"column":21},"end":{"line":19,"column":46}},"5":{"start":{"line":20,"column":2},"end":{"line":20,"column":17}},"6":{"start":{"line":21,"column":2},"end":{"line":21,"column":46}},"7":{"start":{"line":24,"column":21},"end":{"line":24,"column":46}},"8":{"start":{"line":25,"column":2},"end":{"line":25,"column":17}},"9":{"start":{"line":26,"column":2},"end":{"line":26,"column":46}},"10":{"start":{"line":30,"column":0},"end":{"line":30,"column":27}}},"fnMap":{"0":{"name":"(anonymous_0)","decl":{"start":{"line":2,"column":1},"end":{"line":2,"column":2}},"loc":{"start":{"line":2,"column":15},"end":{"line":4,"column":2}},"line":2},"1":{"name":"(anonymous_1)","decl":{"start":{"line":6,"column":1},"end":{"line":6,"column":2}},"loc":{"start":{"line":6,"column":42},"end":{"line":8,"column":2}},"line":6},"2":{"name":"(anonymous_2)","decl":{"start":{"line":10,"column":1},"end":{"line":10,"column":2}},"loc":{"start":{"line":10,"column":22},"end":{"line":12,"column":2}},"line":10},"3":{"name":"(anonymous_3)","decl":{"start":{"line":14,"column":1},"end":{"line":14,"column":2}},"loc":{"start":{"line":14,"column":14},"end":{"line":16,"column":2}},"line":14},"4":{"name":"(anonymous_4)","decl":{"start":{"line":18,"column":1},"end":{"line":18,"column":2}},"loc":{"start":{"line":18,"column":8},"end":{"line":22,"column":2}},"line":18},"5":{"name":"(anonymous_5)","decl":{"start":{"line":23,"column":1},"end":{"line":23,"column":2}},"loc":{"start":{"line":23,"column":9},"end":{"line":27,"column":2}},"line":23}},"branchMap":{"0":{"loc":{"start":{"line":7,"column":9},"end":{"line":7,"column":102}},"type":"cond-expr","locations":[{"start":{"line":7,"column":41},"end":{"line":7,"column":70}},{"start":{"line":7,"column":73},"end":{"line":7,"column":102}}],"line":7}},"s":{"0":36,"1":41,"2":40,"3":32,"4":22,"5":22,"6":22,"7":16,"8":16,"9":16,"10":3},"f":{"0":36,"1":41,"2":40,"3":32,"4":22,"5":16},"b":{"0":[28,13]},"_coverageSchema":"332fd63041d2c1bcb487cc26dd0d5f7d97098a6c","hash":"23a9cc1eee7c60e354225612239557ea5c037595"}
,"/Users/martinsandstrom/Projects/mars-rovers/Grid/Grid.js": {"path":"/Users/martinsandstrom/Projects/mars-rovers/Grid/Grid.js","statementMap":{"0":{"start":{"line":3,"column":2},"end":{"line":3,"column":19}},"1":{"start":{"line":4,"column":2},"end":{"line":4,"column":19}},"2":{"start":{"line":5,"column":2},"end":{"line":5,"column":16}},"3":{"start":{"line":6,"column":2},"end":{"line":6,"column":16}},"4":{"start":{"line":9,"column":2},"end":{"line":9,"column":75}},"5":{"start":{"line":13,"column":0},"end":{"line":13,"column":22}}},"fnMap":{"0":{"name":"(anonymous_0)","decl":{"start":{"line":2,"column":1},"end":{"line":2,"column":2}},"loc":{"start":{"line":2,"column":25},"end":{"line":7,"column":2}},"line":2},"1":{"name":"(anonymous_1)","decl":{"start":{"line":8,"column":1},"end":{"line":8,"column":2}},"loc":{"start":{"line":8,"column":23},"end":{"line":10,"column":2}},"line":8}},"branchMap":{"0":{"loc":{"start":{"line":9,"column":9},"end":{"line":9,"column":73}},"type":"binary-expr","locations":[{"start":{"line":9,"column":10},"end":{"line":9,"column":24}},{"start":{"line":9,"column":28},"end":{"line":9,"column":42}},{"start":{"line":9,"column":48},"end":{"line":9,"column":54}},{"start":{"line":9,"column":58},"end":{"line":9,"column":72}}],"line":9}},"s":{"0":30,"1":30,"2":30,"3":30,"4":82,"5":3},"f":{"0":30,"1":82},"b":{"0":[82,76,72,67]},"_coverageSchema":"332fd63041d2c1bcb487cc26dd0d5f7d97098a6c","hash":"d654443621401b2ad0a6400fbe29c550869078d2"}
,"/Users/martinsandstrom/Projects/mars-rovers/MarsRover/MarsRover.js": {"path":"/Users/martinsandstrom/Projects/mars-rovers/MarsRover/MarsRover.js","statementMap":{"0":{"start":{"line":1,"column":11},"end":{"line":1,"column":37}},"1":{"start":{"line":2,"column":16},"end":{"line":2,"column":52}},"2":{"start":{"line":6,"column":2},"end":{"line":6,"column":35}},"3":{"start":{"line":7,"column":2},"end":{"line":7,"column":35}},"4":{"start":{"line":8,"column":2},"end":{"line":8,"column":29}},"5":{"start":{"line":12,"column":2},"end":{"line":16,"column":3}},"6":{"start":{"line":13,"column":3},"end":{"line":13,"column":31}},"7":{"start":{"line":15,"column":3},"end":{"line":15,"column":34}},"8":{"start":{"line":17,"column":2},"end":{"line":19,"column":3}},"9":{"start":{"line":18,"column":3},"end":{"line":18,"column":35}},"10":{"start":{"line":20,"column":2},"end":{"line":20,"column":13}},"11":{"start":{"line":21,"column":2},"end":{"line":21,"column":13}},"12":{"start":{"line":22,"column":2},"end":{"line":22,"column":28}},"13":{"start":{"line":26,"column":2},"end":{"line":26,"column":81}},"14":{"start":{"line":30,"column":2},"end":{"line":32,"column":3}},"15":{"start":{"line":31,"column":3},"end":{"line":31,"column":32}},"16":{"start":{"line":33,"column":2},"end":{"line":33,"column":51}},"17":{"start":{"line":37,"column":2},"end":{"line":39,"column":3}},"18":{"start":{"line":38,"column":3},"end":{"line":38,"column":32}},"19":{"start":{"line":40,"column":2},"end":{"line":53,"column":3}},"20":{"start":{"line":42,"column":4},"end":{"line":42,"column":21}},"21":{"start":{"line":43,"column":4},"end":{"line":43,"column":10}},"22":{"start":{"line":45,"column":4},"end":{"line":45,"column":21}},"23":{"start":{"line":46,"column":4},"end":{"line":46,"column":10}},"24":{"start":{"line":48,"column":4},"end":{"line":48,"column":20}},"25":{"start":{"line":49,"column":4},"end":{"line":49,"column":10}},"26":{"start":{"line":51,"column":4},"end":{"line":51,"column":20}},"27":{"start":{"line":52,"column":4},"end":{"line":52,"column":10}},"28":{"start":{"line":57,"column":10},"end":{"line":57,"column":30}},"29":{"start":{"line":58,"column":2},"end":{"line":60,"column":3}},"30":{"start":{"line":59,"column":3},"end":{"line":59,"column":12}},"31":{"start":{"line":64,"column":10},"end":{"line":64,"column":30}},"32":{"start":{"line":65,"column":2},"end":{"line":67,"column":3}},"33":{"start":{"line":66,"column":3},"end":{"line":66,"column":12}},"34":{"start":{"line":71,"column":10},"end":{"line":71,"column":30}},"35":{"start":{"line":72,"column":2},"end":{"line":74,"column":3}},"36":{"start":{"line":73,"column":3},"end":{"line":73,"column":12}},"37":{"start":{"line":78,"column":10},"end":{"line":78,"column":30}},"38":{"start":{"line":79,"column":2},"end":{"line":81,"column":3}},"39":{"start":{"line":80,"column":3},"end":{"line":80,"column":12}},"40":{"start":{"line":85,"column":2},"end":{"line":87,"column":3}},"41":{"start":{"line":86,"column":3},"end":{"line":86,"column":32}},"42":{"start":{"line":88,"column":2},"end":{"line":88,"column":25}},"43":{"start":{"line":92,"column":2},"end":{"line":94,"column":3}},"44":{"start":{"line":93,"column":3},"end":{"line":93,"column":32}},"45":{"start":{"line":95,"column":2},"end":{"line":95,"column":24}},"46":{"start":{"line":99,"column":0},"end":{"line":99,"column":27}}},"fnMap":{"0":{"name":"(anonymous_0)","decl":{"start":{"line":5,"column":1},"end":{"line":5,"column":2}},"loc":{"start":{"line":5,"column":25},"end":{"line":9,"column":2}},"line":5},"1":{"name":"(anonymous_1)","decl":{"start":{"line":11,"column":1},"end":{"line":11,"column":2}},"loc":{"start":{"line":11,"column":16},"end":{"line":23,"column":2}},"line":11},"2":{"name":"(anonymous_2)","decl":{"start":{"line":25,"column":1},"end":{"line":25,"column":2}},"loc":{"start":{"line":25,"column":18},"end":{"line":27,"column":2}},"line":25},"3":{"name":"(anonymous_3)","decl":{"start":{"line":29,"column":1},"end":{"line":29,"column":2}},"loc":{"start":{"line":29,"column":10},"end":{"line":34,"column":2}},"line":29},"4":{"name":"(anonymous_4)","decl":{"start":{"line":36,"column":1},"end":{"line":36,"column":2}},"loc":{"start":{"line":36,"column":8},"end":{"line":54,"column":2}},"line":36},"5":{"name":"(anonymous_5)","decl":{"start":{"line":56,"column":1},"end":{"line":56,"column":2}},"loc":{"start":{"line":56,"column":13},"end":{"line":61,"column":2}},"line":56},"6":{"name":"(anonymous_6)","decl":{"start":{"line":63,"column":1},"end":{"line":63,"column":2}},"loc":{"start":{"line":63,"column":13},"end":{"line":68,"column":2}},"line":63},"7":{"name":"(anonymous_7)","decl":{"start":{"line":70,"column":1},"end":{"line":70,"column":2}},"loc":{"start":{"line":70,"column":12},"end":{"line":75,"column":2}},"line":70},"8":{"name":"(anonymous_8)","decl":{"start":{"line":77,"column":1},"end":{"line":77,"column":2}},"loc":{"start":{"line":77,"column":12},"end":{"line":82,"column":2}},"line":77},"9":{"name":"(anonymous_9)","decl":{"start":{"line":84,"column":1},"end":{"line":84,"column":2}},"loc":{"start":{"line":84,"column":9},"end":{"line":89,"column":2}},"line":84},"10":{"name":"(anonymous_10)","decl":{"start":{"line":91,"column":1},"end":{"line":91,"column":2}},"loc":{"start":{"line":91,"column":8},"end":{"line":96,"column":2}},"line":91}},"branchMap":{"0":{"loc":{"start":{"line":12,"column":2},"end":{"line":16,"column":3}},"type":"if","locations":[{"start":{"line":12,"column":2},"end":{"line":16,"column":3}},{"start":{"line":12,"column":2},"end":{"line":16,"column":3}}],"line":12},"1":{"loc":{"start":{"line":17,"column":2},"end":{"line":19,"column":3}},"type":"if","locations":[{"start":{"line":17,"column":2},"end":{"line":19,"column":3}},{"start":{"line":17,"column":2},"end":{"line":19,"column":3}}],"line":17},"2":{"loc":{"start":{"line":30,"column":2},"end":{"line":32,"column":3}},"type":"if","locations":[{"start":{"line":30,"column":2},"end":{"line":32,"column":3}},{"start":{"line":30,"column":2},"end":{"line":32,"column":3}}],"line":30},"3":{"loc":{"start":{"line":37,"column":2},"end":{"line":39,"column":3}},"type":"if","locations":[{"start":{"line":37,"column":2},"end":{"line":39,"column":3}},{"start":{"line":37,"column":2},"end":{"line":39,"column":3}}],"line":37},"4":{"loc":{"start":{"line":40,"column":2},"end":{"line":53,"column":3}},"type":"switch","locations":[{"start":{"line":41,"column":3},"end":{"line":43,"column":10}},{"start":{"line":44,"column":3},"end":{"line":46,"column":10}},{"start":{"line":47,"column":3},"end":{"line":49,"column":10}},{"start":{"line":50,"column":3},"end":{"line":52,"column":10}}],"line":40},"5":{"loc":{"start":{"line":58,"column":2},"end":{"line":60,"column":3}},"type":"if","locations":[{"start":{"line":58,"column":2},"end":{"line":60,"column":3}},{"start":{"line":58,"column":2},"end":{"line":60,"column":3}}],"line":58},"6":{"loc":{"start":{"line":65,"column":2},"end":{"line":67,"column":3}},"type":"if","locations":[{"start":{"line":65,"column":2},"end":{"line":67,"column":3}},{"start":{"line":65,"column":2},"end":{"line":67,"column":3}}],"line":65},"7":{"loc":{"start":{"line":72,"column":2},"end":{"line":74,"column":3}},"type":"if","locations":[{"start":{"line":72,"column":2},"end":{"line":74,"column":3}},{"start":{"line":72,"column":2},"end":{"line":74,"column":3}}],"line":72},"8":{"loc":{"start":{"line":79,"column":2},"end":{"line":81,"column":3}},"type":"if","locations":[{"start":{"line":79,"column":2},"end":{"line":81,"column":3}},{"start":{"line":79,"column":2},"end":{"line":81,"column":3}}],"line":79},"9":{"loc":{"start":{"line":85,"column":2},"end":{"line":87,"column":3}},"type":"if","locations":[{"start":{"line":85,"column":2},"end":{"line":87,"column":3}},{"start":{"line":85,"column":2},"end":{"line":87,"column":3}}],"line":85},"10":{"loc":{"start":{"line":92,"column":2},"end":{"line":94,"column":3}},"type":"if","locations":[{"start":{"line":92,"column":2},"end":{"line":94,"column":3}},{"start":{"line":92,"column":2},"end":{"line":94,"column":3}}],"line":92}},"s":{"0":2,"1":2,"2":26,"3":26,"4":26,"5":28,"6":27,"7":1,"8":27,"9":2,"10":25,"11":25,"12":25,"13":4,"14":26,"15":1,"16":25,"17":28,"18":1,"19":27,"20":13,"21":13,"22":4,"23":4,"24":3,"25":3,"26":7,"27":7,"28":19,"29":19,"30":14,"31":10,"32":10,"33":5,"34":9,"35":9,"36":4,"37":14,"38":14,"39":12,"40":13,"41":1,"42":12,"43":19,"44":1,"45":18,"46":2},"f":{"0":26,"1":28,"2":4,"3":26,"4":28,"5":19,"6":10,"7":9,"8":14,"9":13,"10":19},"b":{"0":[27,1],"1":[2,25],"2":[1,25],"3":[1,27],"4":[13,4,3,7],"5":[14,5],"6":[5,5],"7":[4,5],"8":[12,2],"9":[1,12],"10":[1,18]},"_coverageSchema":"332fd63041d2c1bcb487cc26dd0d5f7d97098a6c","hash":"3850f50bc78cac21d53dba27f1b6d6d6e1ce278c"}
,"/Users/martinsandstrom/Projects/mars-rovers/NASARoverPlacer/NASARoverPlacer.js": {"path":"/Users/martinsandstrom/Projects/mars-rovers/NASARoverPlacer/NASARoverPlacer.js","statementMap":{"0":{"start":{"line":1,"column":16},"end":{"line":1,"column":52}},"1":{"start":{"line":5,"column":2},"end":{"line":10,"column":5}},"2":{"start":{"line":6,"column":15},"end":{"line":6,"column":62}},"3":{"start":{"line":7,"column":3},"end":{"line":7,"column":33}},"4":{"start":{"line":8,"column":3},"end":{"line":8,"column":40}},"5":{"start":{"line":9,"column":3},"end":{"line":9,"column":25}},"6":{"start":{"line":13,"column":2},"end":{"line":25,"column":5}},"7":{"start":{"line":14,"column":3},"end":{"line":24,"column":4}},"8":{"start":{"line":16,"column":5},"end":{"line":16,"column":18}},"9":{"start":{"line":17,"column":5},"end":{"line":17,"column":11}},"10":{"start":{"line":19,"column":5},"end":{"line":19,"column":18}},"11":{"start":{"line":20,"column":5},"end":{"line":20,"column":11}},"12":{"start":{"line":22,"column":5},"end":{"line":22,"column":19}},"13":{"start":{"line":23,"column":5},"end":{"line":23,"column":11}},"14":{"start":{"line":29,"column":0},"end":{"line":29,"column":33}}},"fnMap":{"0":{"name":"(anonymous_0)","decl":{"start":{"line":4,"column":1},"end":{"line":4,"column":2}},"loc":{"start":{"line":4,"column":25},"end":{"line":11,"column":2}},"line":4},"1":{"name":"(anonymous_1)","decl":{"start":{"line":5,"column":31},"end":{"line":5,"column":32}},"loc":{"start":{"line":5,"column":37},"end":{"line":10,"column":3}},"line":5},"2":{"name":"(anonymous_2)","decl":{"start":{"line":12,"column":1},"end":{"line":12,"column":2}},"loc":{"start":{"line":12,"column":33},"end":{"line":26,"column":2}},"line":12},"3":{"name":"(anonymous_3)","decl":{"start":{"line":13,"column":39},"end":{"line":13,"column":40}},"loc":{"start":{"line":13,"column":56},"end":{"line":25,"column":3}},"line":13}},"branchMap":{"0":{"loc":{"start":{"line":14,"column":3},"end":{"line":24,"column":4}},"type":"switch","locations":[{"start":{"line":15,"column":4},"end":{"line":17,"column":11}},{"start":{"line":18,"column":4},"end":{"line":20,"column":11}},{"start":{"line":21,"column":4},"end":{"line":23,"column":11}}],"line":14}},"s":{"0":1,"1":1,"2":2,"3":2,"4":2,"5":2,"6":3,"7":28,"8":16,"9":16,"10":8,"11":8,"12":4,"13":4,"14":1},"f":{"0":1,"1":2,"2":3,"3":28},"b":{"0":[16,8,4]},"_coverageSchema":"332fd63041d2c1bcb487cc26dd0d5f7d97098a6c","hash":"7877e5eabbc987b4efadd3c09c16b5b212b0f05c"}
}
