TN:
SF:/Users/martinsandstrom/Projects/mars-rovers/DataParser/DataParser.js
FN:2,(anonymous_0)
FN:15,(anonymous_1)
FNF:2
FNH:2
FNDA:1,(anonymous_0)
FNDA:2,(anonymous_1)
DA:4,1
DA:5,1
DA:6,1
DA:7,1
DA:8,1
DA:9,1
DA:16,2
DA:17,2
DA:18,4
DA:19,4
DA:20,4
DA:26,4
DA:28,2
DA:32,1
LF:14
LH:14
BRF:0
BRH:0
end_of_record
TN:
SF:/Users/martinsandstrom/Projects/mars-rovers/Direction/Direction.js
FN:2,(anonymous_0)
FN:6,(anonymous_1)
FN:10,(anonymous_2)
FN:14,(anonymous_3)
FN:18,(anonymous_4)
FN:23,(anonymous_5)
FNF:6
FNH:6
FNDA:36,(anonymous_0)
FNDA:41,(anonymous_1)
FNDA:40,(anonymous_2)
FNDA:32,(anonymous_3)
FNDA:22,(anonymous_4)
FNDA:16,(anonymous_5)
DA:3,36
DA:7,41
DA:11,40
DA:15,32
DA:19,22
DA:20,22
DA:21,22
DA:24,16
DA:25,16
DA:26,16
DA:30,3
LF:11
LH:11
BRDA:7,0,0,28
BRDA:7,0,1,13
BRF:2
BRH:2
end_of_record
TN:
SF:/Users/martinsandstrom/Projects/mars-rovers/Grid/Grid.js
FN:2,(anonymous_0)
FN:8,(anonymous_1)
FNF:2
FNH:2
FNDA:30,(anonymous_0)
FNDA:82,(anonymous_1)
DA:3,30
DA:4,30
DA:5,30
DA:6,30
DA:9,82
DA:13,3
LF:6
LH:6
BRDA:9,0,0,82
BRDA:9,0,1,76
BRDA:9,0,2,72
BRDA:9,0,3,67
BRF:4
BRH:4
end_of_record
TN:
SF:/Users/martinsandstrom/Projects/mars-rovers/MarsRover/MarsRover.js
FN:5,(anonymous_0)
FN:11,(anonymous_1)
FN:25,(anonymous_2)
FN:29,(anonymous_3)
FN:36,(anonymous_4)
FN:56,(anonymous_5)
FN:63,(anonymous_6)
FN:70,(anonymous_7)
FN:77,(anonymous_8)
FN:84,(anonymous_9)
FN:91,(anonymous_10)
FNF:11
FNH:11
FNDA:26,(anonymous_0)
FNDA:28,(anonymous_1)
FNDA:4,(anonymous_2)
FNDA:26,(anonymous_3)
FNDA:28,(anonymous_4)
FNDA:19,(anonymous_5)
FNDA:10,(anonymous_6)
FNDA:9,(anonymous_7)
FNDA:14,(anonymous_8)
FNDA:13,(anonymous_9)
FNDA:19,(anonymous_10)
DA:1,2
DA:2,2
DA:6,26
DA:7,26
DA:8,26
DA:12,28
DA:13,27
DA:15,1
DA:17,27
DA:18,2
DA:20,25
DA:21,25
DA:22,25
DA:26,4
DA:30,26
DA:31,1
DA:33,25
DA:37,28
DA:38,1
DA:40,27
DA:42,13
DA:43,13
DA:45,4
DA:46,4
DA:48,3
DA:49,3
DA:51,7
DA:52,7
DA:57,19
DA:58,19
DA:59,14
DA:64,10
DA:65,10
DA:66,5
DA:71,9
DA:72,9
DA:73,4
DA:78,14
DA:79,14
DA:80,12
DA:85,13
DA:86,1
DA:88,12
DA:92,19
DA:93,1
DA:95,18
DA:99,2
LF:47
LH:47
BRDA:12,0,0,27
BRDA:12,0,1,1
BRDA:17,1,0,2
BRDA:17,1,1,25
BRDA:30,2,0,1
BRDA:30,2,1,25
BRDA:37,3,0,1
BRDA:37,3,1,27
BRDA:40,4,0,13
BRDA:40,4,1,4
BRDA:40,4,2,3
BRDA:40,4,3,7
BRDA:58,5,0,14
BRDA:58,5,1,5
BRDA:65,6,0,5
BRDA:65,6,1,5
BRDA:72,7,0,4
BRDA:72,7,1,5
BRDA:79,8,0,12
BRDA:79,8,1,2
BRDA:85,9,0,1
BRDA:85,9,1,12
BRDA:92,10,0,1
BRDA:92,10,1,18
BRF:24
BRH:24
end_of_record
TN:
SF:/Users/martinsandstrom/Projects/mars-rovers/NASARoverPlacer/NASARoverPlacer.js
FN:4,(anonymous_0)
FN:5,(anonymous_1)
FN:12,(anonymous_2)
FN:13,(anonymous_3)
FNF:4
FNH:4
FNDA:1,(anonymous_0)
FNDA:2,(anonymous_1)
FNDA:3,(anonymous_2)
FNDA:28,(anonymous_3)
DA:1,1
DA:5,1
DA:6,2
DA:7,2
DA:8,2
DA:9,2
DA:13,3
DA:14,28
DA:16,16
DA:17,16
DA:19,8
DA:20,8
DA:22,4
DA:23,4
DA:29,1
LF:15
LH:15
BRDA:14,0,0,16
BRDA:14,0,1,8
BRDA:14,0,2,4
BRF:3
BRH:3
end_of_record
